tests/invalid/invalid_trait_implementation.ri:2:18: error: cannot take the address of a boxed value as receiver
    2 |     func to_str1(&self) -> string;
      |                  ^~~~~
tests/invalid/invalid_trait_implementation.ri:10:5-12:5: error: type `invalid_trait_implementation.MyStruct1` incorrectly implements method `to_str1` of trait `invalid_trait_implementation.ToStr`
      |     /~~ from here
   10 |     func to_str1(self) -> string {
   11 |         return self;
   12 |     }
      |     ^~~ to here
      = note: method `to_str1` should be public.
      = note: receiver `self` should be a reference, or use the attribute
        `boxed`.
      = note: ====== method signature for `to_str1` ======
      = note: trait `ToStr` has `func(&self) -> string`
      = note: type `MyStruct1` has `func(self) -> string`
tests/invalid/invalid_trait_implementation.ri:11:16: error: expected type `string`, found `MyStruct1`
   11 |         return self;
      |                ^~~~
      = note: in return of method `to_str1`
tests/invalid/invalid_trait_implementation.ri:16:5-18:5: error: type `invalid_trait_implementation.MyStruct2` incorrectly implements method `to_str1` of trait `invalid_trait_implementation.ToStr`
      |     /~~ from here
   16 |     func to_str1(&self) -> string {
   17 |         return if self.* { "true" } else { "false" };
   18 |     }
      |     ^~~ to here
      = note: method `to_str1` should be public.
      = note: ====== method signature for `to_str1` ======
      = note: trait `ToStr` has `func(&self) -> string`
      = note: type `MyStruct2` has `func(&self) -> string`
tests/invalid/invalid_trait_implementation.ri:17:19: error: non-boolean expression used as `if` condition
   17 |         return if self.* { "true" } else { "false" };
      |                   ^~~~~~
tests/invalid/invalid_trait_implementation.ri:22:14: error: type `string` does not implement trait `ToStr`
   22 |     my_print(""); // OK
      |              ^~
      = note: in argument `v` of function `my_print`
tests/invalid/invalid_trait_implementation.ri:23:14: error: type `bool` does not implement trait `ToStr`
   23 |     my_print(true); // OK
      |              ^~~~
      = note: in argument `v` of function `my_print`
tests/invalid/invalid_trait_implementation.ri:24:14: error: type `int` does not implement trait `ToStr`
   24 |     my_print(1); // FAIL
      |              ^
      = note: in argument `v` of function `my_print`
rivet: error: could not compile module `invalid_trait_implementation`, aborting due to 8 previous errors